2022-10-24 14:38:06,432     INFO [               quickbc.py             compile    63] start compile......
2022-10-24 14:38:07,219     INFO [               quickbc.py             compile    68] E:\scriptiot\synwit\swm320_lvgl8_evue_pika\quickbc\test\test.py.o
2022-10-24 14:38:07,248     INFO [               quickbc.py             compile    71] compile [test/test.evue]-->[E:\scriptiot\synwit\swm320_lvgl8_evue_pika\quickbc\test\test.py.o] successfully!
2022-11-14 20:02:35,366     INFO [               quickbc.py                main    87] Please input the correct file [../../bsp/evue-simulator/pikascript/test.evue.py]: ['File is not support!']
2022-11-14 20:02:42,396     INFO [               quickbc.py             compile    63] start compile......
2022-11-14 20:02:43,225     INFO [               quickbc.py             compile    68] E:\scriptiot\evm\bsp\evue-simulator\pikascript\test.evue.py
2022-11-14 20:02:43,253     INFO [               quickbc.py             compile    71] compile [../../bsp/evue-simulator/pikascript/test.evue]-->[E:\scriptiot\evm\bsp\evue-simulator\pikascript\test.evue.py] successfully!
2022-11-14 20:03:15,564     INFO [               quickbc.py             compile    63] start compile......
2022-11-14 20:03:16,168     INFO [               quickbc.py             compile    68] E:\scriptiot\evm\bsp\evue-simulator\pikascript\test.evue.py
2022-11-14 20:03:16,198     INFO [               quickbc.py             compile    71] compile [../../bsp/evue-simulator/pikascript/test.evue]-->[E:\scriptiot\evm\bsp\evue-simulator\pikascript\test.evue.py] successfully!
2022-11-14 20:26:37,033     INFO [               quickbc.py             compile    63] start compile......
2022-11-14 20:26:37,168     INFO [               quickbc.py             compile    68] E:\scriptiot\evm\test\test.evue.py
2022-11-14 20:26:37,202     INFO [               quickbc.py             compile    71] compile [../../test/test.evue]-->[E:\scriptiot\evm\test\test.evue.py] successfully!
2022-11-14 21:33:02,479     INFO [               quickbc.py             compile    63] start compile......
2022-11-14 21:33:03,125     INFO [               quickbc.py             compile    68] E:\scriptiot\evm\test\test.evue.py
2022-11-14 21:33:03,154     INFO [               quickbc.py             compile    71] compile [../../test/test.evue]-->[E:\scriptiot\evm\test\test.evue.py] successfully!
2022-11-14 21:34:02,593     INFO [               quickbc.py             compile    63] start compile......
2022-11-14 21:34:03,130     INFO [               quickbc.py             compile    68] E:\scriptiot\evm\test\test.evue.py
2022-11-14 21:34:03,157     INFO [               quickbc.py             compile    71] compile [../../test/test.evue]-->[E:\scriptiot\evm\test\test.evue.py] successfully!
2022-11-14 21:37:03,617     INFO [               quickbc.py             compile    63] start compile......
2022-11-14 21:37:04,111     INFO [               quickbc.py             compile    68] E:\scriptiot\evm\test\test.evue.py
2022-11-14 21:37:04,138     INFO [               quickbc.py             compile    71] compile [../../test/test.evue]-->[E:\scriptiot\evm\test\test.evue.py] successfully!
2022-11-14 21:44:37,917     INFO [               quickbc.py             compile    63] start compile......
2022-11-14 21:44:38,116     INFO [               quickbc.py             compile    68] E:\scriptiot\evm\test\test.evue.py
2022-11-14 21:44:38,142     INFO [               quickbc.py             compile    71] compile [../../test/test.evue]-->[E:\scriptiot\evm\test\test.evue.py] successfully!
2022-11-14 21:51:39,953     INFO [               quickbc.py             compile    63] start compile......
2022-11-14 21:51:40,125     INFO [               quickbc.py             compile    68] E:\scriptiot\evm\test\test.evue.py
2022-11-14 21:51:40,153     INFO [               quickbc.py             compile    71] compile [../../test/test.evue]-->[E:\scriptiot\evm\test\test.evue.py] successfully!
2022-11-14 22:18:18,252     INFO [               quickbc.py             compile    63] start compile......
2022-11-14 22:18:18,348     INFO [               quickbc.py             compile    68] E:\scriptiot\evm\test\test.evue.py
2022-11-14 22:18:18,377     INFO [               quickbc.py             compile    71] compile [../../test/test.evue]-->[E:\scriptiot\evm\test\test.evue.py] successfully!
2022-11-14 22:18:44,640     INFO [               quickbc.py             compile    63] start compile......
2022-11-14 22:18:47,099     INFO [               quickbc.py             compile    68] E:\scriptiot\evm\test\test.evue.py
2022-11-14 22:18:47,198     INFO [               quickbc.py             compile    71] compile [../../test/test.evue]-->[E:\scriptiot\evm\test\test.evue.py] successfully!
2022-11-14 22:28:17,721     INFO [               quickbc.py             compile    63] start compile......
2022-11-14 22:28:18,081     INFO [               quickbc.py             compile    68] E:\scriptiot\evm\test\test.evue.py
2022-11-14 22:28:18,109     INFO [               quickbc.py             compile    71] compile [../../test/test.evue]-->[E:\scriptiot\evm\test\test.evue.py] successfully!
2022-11-14 22:29:42,357     INFO [               quickbc.py             compile    63] start compile......
2022-11-14 22:29:43,087     INFO [               quickbc.py             compile    68] E:\scriptiot\evm\test\test.evue.py
2022-11-14 22:29:43,117     INFO [               quickbc.py             compile    71] compile [../../test/test.evue]-->[E:\scriptiot\evm\test\test.evue.py] successfully!
2022-11-14 22:46:21,242     INFO [               quickbc.py             compile    63] start compile......
2022-11-14 22:46:21,339     INFO [               quickbc.py             compile    68] E:\scriptiot\evm\test\test.evue.py
2022-11-14 22:46:21,367     INFO [               quickbc.py             compile    71] compile [../../test/test.evue]-->[E:\scriptiot\evm\test\test.evue.py] successfully!
2022-11-14 22:47:42,299     INFO [               quickbc.py             compile    63] start compile......
2022-11-14 22:47:43,060     INFO [               quickbc.py             compile    68] E:\scriptiot\evm\test\test.evue.py
2022-11-14 22:47:43,087     INFO [               quickbc.py             compile    71] compile [../../test/test.evue]-->[E:\scriptiot\evm\test\test.evue.py] successfully!
2022-11-14 22:49:30,128     INFO [               quickbc.py             compile    63] start compile......
2022-11-14 22:49:30,224     INFO [               quickbc.py             compile    68] E:\scriptiot\evm\test\test.evue.py
2022-11-14 22:49:30,252     INFO [               quickbc.py             compile    71] compile [../../test/test.evue]-->[E:\scriptiot\evm\test\test.evue.py] successfully!
2022-11-15 00:47:54,646     INFO [               quickbc.py             compile    63] start compile......
2022-11-15 00:47:55,150     INFO [               quickbc.py             compile    68] E:\scriptiot\evm\test\main.py.o
2022-11-15 00:47:55,175     INFO [               quickbc.py             compile    71] compile [../../test/test.evue]-->[E:\scriptiot\evm\test\main.py.o] successfully!
